INFO NonParallelWorker nunitframework.Tests.Module1 - url passed
INFO NonParallelWorker nunitframework.Tests.Module1 - test failed
OpenQA.Selenium.NoSuchElementException: no such element: Unable to locate element: {"method":"xpath","selector":"ab"}
  (Session info: chrome=91.0.4472.106)
   at OpenQA.Selenium.Remote.RemoteWebDriver.UnpackAndThrowOnError(Response errorResponse)
   at OpenQA.Selenium.Remote.RemoteWebDriver.Execute(String driverCommandToExecute, Dictionary`2 parameters)
   at OpenQA.Selenium.Remote.RemoteWebDriver.FindElement(String mechanism, String value)
   at OpenQA.Selenium.Remote.RemoteWebDriver.FindElementByXPath(String xpath)
   at OpenQA.Selenium.By.<>c__DisplayClass19_0.<XPath>b__0(ISearchContext context)
   at OpenQA.Selenium.By.FindElement(ISearchContext context)
   at OpenQA.Selenium.Remote.RemoteWebDriver.FindElement(By by)
   at nunitframework.Tests.Module1.TestMethod1() in C:\Users\bjasti\Source\Repos\jastibharath\bharath5\nunitframework\Tests\Module1.cs:line 151
INFO NonParallelWorker nunitframework.Tests.Module1 - url passed
INFO NonParallelWorker nunitframework.Tests.Module1 - test failed
OpenQA.Selenium.NoSuchElementException: no such element: Unable to locate element: {"method":"xpath","selector":"ab"}
  (Session info: chrome=91.0.4472.106)
   at OpenQA.Selenium.Remote.RemoteWebDriver.UnpackAndThrowOnError(Response errorResponse)
   at OpenQA.Selenium.Remote.RemoteWebDriver.Execute(String driverCommandToExecute, Dictionary`2 parameters)
   at OpenQA.Selenium.Remote.RemoteWebDriver.FindElement(String mechanism, String value)
   at OpenQA.Selenium.Remote.RemoteWebDriver.FindElementByXPath(String xpath)
   at OpenQA.Selenium.By.<>c__DisplayClass19_0.<XPath>b__0(ISearchContext context)
   at OpenQA.Selenium.By.FindElement(ISearchContext context)
   at OpenQA.Selenium.Remote.RemoteWebDriver.FindElement(By by)
   at nunitframework.Tests.Module1.TestMethod1() in C:\Users\bjasti\Source\Repos\jastibharath\bharath5\nunitframework\Tests\Module1.cs:line 151
